<?xml version="1.0" encoding="UTF-8"?>
<!-- Generated by org.testng.reporters.JUnitXMLReporter -->
<testsuite ignored="0" hostname="Sagar-PC" failures="0" tests="1" name="ChromeTest" time="0.541" errors="0" timestamp="2021-11-05T07:15:20 PDT">
  <testcase classname="TestClass2.TestClassTestNGHomefb" name="@BeforeTest beforeTest" time="0.456">
    <failure type="java.lang.IllegalStateException" message="The driver executable does not exist: C:\Users\Sagar\Desktop\chromedriver.exe">
      <![CDATA[java.lang.IllegalStateException: The driver executable does not exist: C:\Users\Sagar\Desktop\chromedriver.exe
at com.google.common.base.Preconditions.checkState(Preconditions.java:585)
at org.openqa.selenium.remote.service.DriverService.checkExecutable(DriverService.java:146)
at org.openqa.selenium.remote.service.DriverService.findExecutable(DriverService.java:141)
at org.openqa.selenium.chrome.ChromeDriverService.access$000(ChromeDriverService.java:35)
at org.openqa.selenium.chrome.ChromeDriverService$Builder.findDefaultExecutable(ChromeDriverService.java:159)
at org.openqa.selenium.remote.service.DriverService$Builder.build(DriverService.java:355)
at org.openqa.selenium.chrome.ChromeDriverService.createDefaultService(ChromeDriverService.java:94)
at org.openqa.selenium.chrome.ChromeDriver.<init>(ChromeDriver.java:123)
at BasePackage.Base.OpenchromeBrowser(Base.java:16)
at TestClass2.TestClassTestNGHomefb.beforeTest(TestClassTestNGHomefb.java:53)
... Removed 24 stack frames]]>
    </failure>
  </testcase> <!-- @BeforeTest beforeTest -->
  <testcase classname="TestClass2.TestClassTestNGHomefb" name="@BeforeClass beforeClass" time="-1.636121720747E9">
    <skipped/>
  </testcase> <!-- @BeforeClass beforeClass -->
  <testcase classname="TestClass2.TestClassTestNGHomefb" name="@BeforeMethod beforemethod" time="-1.63612172076E9">
    <skipped/>
  </testcase> <!-- @BeforeMethod beforemethod -->
  <testcase classname="TestClass2.TestClassTestNGHomefb" name="@AfterMethod aftermethod" time="-1.636121720773E9">
    <skipped/>
  </testcase> <!-- @AfterMethod aftermethod -->
  <testcase classname="TestClass2.TestClassTestNGHomefb" name="@AfterClass afterClass" time="-1.636121720788E9">
    <skipped/>
  </testcase> <!-- @AfterClass afterClass -->
  <testcase classname="TestClass2.TestClassTestNGHomefb" name="testA" time="0.0">
    <skipped/>
  </testcase> <!-- testA -->
</testsuite> <!-- ChromeTest -->
