<?xml version="1.0" encoding="UTF-8"?>
<!-- Generated by org.testng.reporters.JUnitXMLReporter -->
<testsuite ignored="0" hostname="Sagar-PC" failures="0" tests="1" name="ChromeTest" time="0.178" errors="0" timestamp="2021-11-06T21:08:37 PDT">
  <testcase classname="Kite_zerodha_test_1.Test1" name="@BeforeSuite launchBrowser" time="-1.636258117529E9">
    <failure type="org.testng.TestNGException" message="
Parameter &amp;apos;browserName&amp;apos; is required by BeforeSuite on method launchBrowser but has not been marked @Optional or defined
in C:\Users\Sagar\eclipse-workspace\Framework_synchronizatiuon\testng.xml">
      <![CDATA[org.testng.TestNGException: 
Parameter 'browserName' is required by BeforeSuite on method launchBrowser but has not been marked @Optional or defined
in C:\Users\Sagar\eclipse-workspace\Framework_synchronizatiuon\testng.xml
... Removed 16 stack frames]]>
    </failure>
  </testcase> <!-- @BeforeSuite launchBrowser -->
  <testcase classname="Kite_zerodha_test_1.Test1" name="@BeforeClass initializeBrowser" time="-1.636258117689E9">
    <skipped/>
  </testcase> <!-- @BeforeClass initializeBrowser -->
  <testcase classname="Kite_zerodha_test_1.Test1" name="@BeforeMethod LoginToApplication" time="-1.636258117709E9">
    <skipped/>
  </testcase> <!-- @BeforeMethod LoginToApplication -->
  <testcase classname="Kite_zerodha_test_1.Test1" name="@AfterMethod logoutAccount" time="-1.63625811772E9">
    <skipped/>
  </testcase> <!-- @AfterMethod logoutAccount -->
  <testcase classname="Kite_zerodha_test_1.Test1" name="@AfterClass clearObjects" time="-1.636258117723E9">
    <skipped/>
  </testcase> <!-- @AfterClass clearObjects -->
  <testcase classname="Kite_zerodha_test_1.Test1" name="verifydashboard" time="0.0">
    <skipped/>
  </testcase> <!-- verifydashboard -->
</testsuite> <!-- ChromeTest -->
