<?xml version="1.0" encoding="UTF-8"?>
<!-- Generated by org.testng.reporters.JUnitXMLReporter -->
<testsuite ignored="0" hostname="Sagar-PC" failures="0" tests="2" name="Chrome_Test" time="2.913" errors="0" timestamp="2021-11-05T07:10:57 PDT">
  <testcase classname="Kite_zerodha_test_1.Test1" name="@BeforeTest launchBrowser" time="2.776">
    <failure type="org.openqa.selenium.SessionNotCreatedException" message="session not created: This version of ChromeDriver only supports Chrome version 93
Current browser version is 95.0.4638.69 with binary path C:\Program Files (x86)\Google\Chrome\Application\chrome.exe
Build info: version: &amp;apos;3.141.59&amp;apos;, revision: &amp;apos;e82be7d358&amp;apos;, time: &amp;apos;2018-11-14T08:17:03&amp;apos;
System info: host: &amp;apos;SAGAR-PC&amp;apos;, ip: &amp;apos;192.168.43.239&amp;apos;, os.name: &amp;apos;Windows 7&amp;apos;, os.arch: &amp;apos;amd64&amp;apos;, os.version: &amp;apos;6.1&amp;apos;, java.version: &amp;apos;16.0.1&amp;apos;
Driver info: driver.version: ChromeDriver
remote stacktrace: Backtrace:
	Ordinal0 [0x0137A2D3+2663123]
	Ordinal0 [0x0130A491+2204817]
	Ordinal0 [0x011F2118+1057048]
	Ordinal0 [0x0121041A+1180698]
	Ordinal0 [0x0120C335+1164085]
	Ordinal0 [0x01209B7F+1153919]
	Ordinal0 [0x01239D8F+1351055]
	Ordinal0 [0x012399FA+1350138]
	Ordinal0 [0x0123589B+1333403]
	Ordinal0 [0x01211F74+1187700]
	Ordinal0 [0x01212DC9+1191369]
	GetHandleVerifier [0x015130D6+1610054]
	GetHandleVerifier [0x015BB53B+2299307]
	GetHandleVerifier [0x01408DA9+519705]
	GetHandleVerifier [0x01407759+513993]
	Ordinal0 [0x0131112D+2232621]
	Ordinal0 [0x013155F8+2250232]
	Ordinal0 [0x01315732+2250546]
	Ordinal0 [0x0131E591+2286993]
	BaseThreadInitThunk [0x75D73677+18]
	RtlInitializeExceptionChain [0x77C89D72+99]
	RtlInitializeExceptionChain [0x77C89D45+54]
">
      <![CDATA[org.openqa.selenium.SessionNotCreatedException: session not created: This version of ChromeDriver only supports Chrome version 93
Current browser version is 95.0.4638.69 with binary path C:\Program Files (x86)\Google\Chrome\Application\chrome.exe
Build info: version: '3.141.59', revision: 'e82be7d358', time: '2018-11-14T08:17:03'
System info: host: 'SAGAR-PC', ip: '192.168.43.239', os.name: 'Windows 7', os.arch: 'amd64', os.version: '6.1', java.version: '16.0.1'
Driver info: driver.version: ChromeDriver
remote stacktrace: Backtrace:
Ordinal0 [0x0137A2D3+2663123]
Ordinal0 [0x0130A491+2204817]
Ordinal0 [0x011F2118+1057048]
Ordinal0 [0x0121041A+1180698]
Ordinal0 [0x0120C335+1164085]
Ordinal0 [0x01209B7F+1153919]
Ordinal0 [0x01239D8F+1351055]
Ordinal0 [0x012399FA+1350138]
Ordinal0 [0x0123589B+1333403]
Ordinal0 [0x01211F74+1187700]
Ordinal0 [0x01212DC9+1191369]
GetHandleVerifier [0x015130D6+1610054]
GetHandleVerifier [0x015BB53B+2299307]
GetHandleVerifier [0x01408DA9+519705]
GetHandleVerifier [0x01407759+513993]
Ordinal0 [0x0131112D+2232621]
Ordinal0 [0x013155F8+2250232]
Ordinal0 [0x01315732+2250546]
Ordinal0 [0x0131E591+2286993]
BaseThreadInitThunk [0x75D73677+18]
RtlInitializeExceptionChain [0x77C89D72+99]
RtlInitializeExceptionChain [0x77C89D45+54]

at org.openqa.selenium.remote.W3CHandshakeResponse.lambda$errorHandler$0(W3CHandshakeResponse.java:62)
at org.openqa.selenium.remote.HandshakeResponse.lambda$getResponseFunction$0(HandshakeResponse.java:30)
at org.openqa.selenium.remote.ProtocolHandshake.lambda$createSession$0(ProtocolHandshake.java:126)
at java.base/java.util.stream.ReferencePipeline$3$1.accept(ReferencePipeline.java:197)
at java.base/java.util.Spliterators$ArraySpliterator.tryAdvance(Spliterators.java:958)
at java.base/java.util.stream.ReferencePipeline.forEachWithCancel(ReferencePipeline.java:129)
at java.base/java.util.stream.AbstractPipeline.copyIntoWithCancel(AbstractPipeline.java:502)
at java.base/java.util.stream.AbstractPipeline.copyInto(AbstractPipeline.java:488)
at java.base/java.util.stream.AbstractPipeline.wrapAndCopyInto(AbstractPipeline.java:474)
at java.base/java.util.stream.FindOps$FindOp.evaluateSequential(FindOps.java:150)
at java.base/java.util.stream.AbstractPipeline.evaluate(AbstractPipeline.java:234)
at java.base/java.util.stream.ReferencePipeline.findFirst(ReferencePipeline.java:647)
at org.openqa.selenium.remote.ProtocolHandshake.createSession(ProtocolHandshake.java:128)
at org.openqa.selenium.remote.ProtocolHandshake.createSession(ProtocolHandshake.java:74)
at org.openqa.selenium.remote.HttpCommandExecutor.execute(HttpCommandExecutor.java:136)
at org.openqa.selenium.remote.service.DriverCommandExecutor.execute(DriverCommandExecutor.java:83)
at org.openqa.selenium.remote.RemoteWebDriver.execute(RemoteWebDriver.java:552)
at org.openqa.selenium.remote.RemoteWebDriver.startSession(RemoteWebDriver.java:213)
at org.openqa.selenium.remote.RemoteWebDriver.<init>(RemoteWebDriver.java:131)
at org.openqa.selenium.chrome.ChromeDriver.<init>(ChromeDriver.java:181)
at org.openqa.selenium.chrome.ChromeDriver.<init>(ChromeDriver.java:168)
at org.openqa.selenium.chrome.ChromeDriver.<init>(ChromeDriver.java:123)
at Project_Base_class.Base_class.initializeChromeBrowser(Base_class.java:20)
at Kite_zerodha_test_1.Test1.launchBrowser(Test1.java:39)
... Removed 29 stack frames]]>
    </failure>
  </testcase> <!-- @BeforeTest launchBrowser -->
  <testcase classname="Kite_zerodha_test_1.Test1" name="@BeforeClass initializeBrowser" time="-1.636121457212E9">
    <skipped/>
  </testcase> <!-- @BeforeClass initializeBrowser -->
  <testcase classname="Kite_zerodha_test_1.Test1" name="@AfterMethod logoutAccount" time="-1.636121457258E9">
    <skipped/>
  </testcase> <!-- @AfterMethod logoutAccount -->
  <testcase classname="Kite_zerodha_test_1.Test1" name="@AfterMethod logoutAccount" time="-1.636121457274E9">
    <skipped/>
  </testcase> <!-- @AfterMethod logoutAccount -->
  <testcase classname="Kite_zerodha_test_1.Test1" name="@AfterClass clearObjects" time="-1.636121457277E9">
    <skipped/>
  </testcase> <!-- @AfterClass clearObjects -->
  <testcase classname="Kite_zerodha_test_1.Test1" name="@AfterTest closedBrowser" time="-1.636121457281E9">
    <skipped/>
  </testcase> <!-- @AfterTest closedBrowser -->
  <testcase classname="Kite_zerodha_test_1.Test1" name="verifydashboard" time="0.0">
    <skipped/>
  </testcase> <!-- verifydashboard -->
  <testcase classname="Kite_zerodha_test_1.Test1" name="verifyorder" time="0.0">
    <skipped/>
  </testcase> <!-- verifyorder -->
</testsuite> <!-- Chrome_Test -->
