<?xml version="1.0" encoding="UTF-8"?>
<!-- Generated by org.testng.reporters.JUnitXMLReporter -->
<testsuite ignored="0" hostname="Sagar-PC" failures="0" tests="1" name="Test" time="4.497" errors="0" timestamp="2021-11-06T21:54:26 PDT">
  <testcase classname="Kite_zerodha_test_1.Test2" name="@BeforeClass openBrowser" time="4.401">
    <failure type="org.openqa.selenium.SessionNotCreatedException" message="session not created: This version of ChromeDriver only supports Chrome version 93
Current browser version is 95.0.4638.69 with binary path C:\Program Files (x86)\Google\Chrome\Application\chrome.exe
Build info: version: &amp;apos;3.141.59&amp;apos;, revision: &amp;apos;e82be7d358&amp;apos;, time: &amp;apos;2018-11-14T08:17:03&amp;apos;
System info: host: &amp;apos;SAGAR-PC&amp;apos;, ip: &amp;apos;192.168.43.239&amp;apos;, os.name: &amp;apos;Windows 7&amp;apos;, os.arch: &amp;apos;amd64&amp;apos;, os.version: &amp;apos;6.1&amp;apos;, java.version: &amp;apos;16.0.1&amp;apos;
Driver info: driver.version: ChromeDriver
remote stacktrace: Backtrace:
	Ordinal0 [0x0150A2D3+2663123]
	Ordinal0 [0x0149A491+2204817]
	Ordinal0 [0x01382118+1057048]
	Ordinal0 [0x013A041A+1180698]
	Ordinal0 [0x0139C335+1164085]
	Ordinal0 [0x01399B7F+1153919]
	Ordinal0 [0x013C9D8F+1351055]
	Ordinal0 [0x013C99FA+1350138]
	Ordinal0 [0x013C589B+1333403]
	Ordinal0 [0x013A1F74+1187700]
	Ordinal0 [0x013A2DC9+1191369]
	GetHandleVerifier [0x016A30D6+1610054]
	GetHandleVerifier [0x0174B53B+2299307]
	GetHandleVerifier [0x01598DA9+519705]
	GetHandleVerifier [0x01597759+513993]
	Ordinal0 [0x014A112D+2232621]
	Ordinal0 [0x014A55F8+2250232]
	Ordinal0 [0x014A5732+2250546]
	Ordinal0 [0x014AE591+2286993]
	BaseThreadInitThunk [0x771C3677+18]
	RtlInitializeExceptionChain [0x77B29D72+99]
	RtlInitializeExceptionChain [0x77B29D45+54]
">
      <![CDATA[org.openqa.selenium.SessionNotCreatedException: session not created: This version of ChromeDriver only supports Chrome version 93
Current browser version is 95.0.4638.69 with binary path C:\Program Files (x86)\Google\Chrome\Application\chrome.exe
Build info: version: '3.141.59', revision: 'e82be7d358', time: '2018-11-14T08:17:03'
System info: host: 'SAGAR-PC', ip: '192.168.43.239', os.name: 'Windows 7', os.arch: 'amd64', os.version: '6.1', java.version: '16.0.1'
Driver info: driver.version: ChromeDriver
remote stacktrace: Backtrace:
Ordinal0 [0x0150A2D3+2663123]
Ordinal0 [0x0149A491+2204817]
Ordinal0 [0x01382118+1057048]
Ordinal0 [0x013A041A+1180698]
Ordinal0 [0x0139C335+1164085]
Ordinal0 [0x01399B7F+1153919]
Ordinal0 [0x013C9D8F+1351055]
Ordinal0 [0x013C99FA+1350138]
Ordinal0 [0x013C589B+1333403]
Ordinal0 [0x013A1F74+1187700]
Ordinal0 [0x013A2DC9+1191369]
GetHandleVerifier [0x016A30D6+1610054]
GetHandleVerifier [0x0174B53B+2299307]
GetHandleVerifier [0x01598DA9+519705]
GetHandleVerifier [0x01597759+513993]
Ordinal0 [0x014A112D+2232621]
Ordinal0 [0x014A55F8+2250232]
Ordinal0 [0x014A5732+2250546]
Ordinal0 [0x014AE591+2286993]
BaseThreadInitThunk [0x771C3677+18]
RtlInitializeExceptionChain [0x77B29D72+99]
RtlInitializeExceptionChain [0x77B29D45+54]

at org.openqa.selenium.remote.W3CHandshakeResponse.lambda$errorHandler$0(W3CHandshakeResponse.java:62)
at org.openqa.selenium.remote.HandshakeResponse.lambda$getResponseFunction$0(HandshakeResponse.java:30)
at org.openqa.selenium.remote.ProtocolHandshake.lambda$createSession$0(ProtocolHandshake.java:126)
at java.base/java.util.stream.ReferencePipeline$3$1.accept(ReferencePipeline.java:197)
at java.base/java.util.Spliterators$ArraySpliterator.tryAdvance(Spliterators.java:958)
at java.base/java.util.stream.ReferencePipeline.forEachWithCancel(ReferencePipeline.java:129)
at java.base/java.util.stream.AbstractPipeline.copyIntoWithCancel(AbstractPipeline.java:502)
at java.base/java.util.stream.AbstractPipeline.copyInto(AbstractPipeline.java:488)
at java.base/java.util.stream.AbstractPipeline.wrapAndCopyInto(AbstractPipeline.java:474)
at java.base/java.util.stream.FindOps$FindOp.evaluateSequential(FindOps.java:150)
at java.base/java.util.stream.AbstractPipeline.evaluate(AbstractPipeline.java:234)
at java.base/java.util.stream.ReferencePipeline.findFirst(ReferencePipeline.java:647)
at org.openqa.selenium.remote.ProtocolHandshake.createSession(ProtocolHandshake.java:128)
at org.openqa.selenium.remote.ProtocolHandshake.createSession(ProtocolHandshake.java:74)
at org.openqa.selenium.remote.HttpCommandExecutor.execute(HttpCommandExecutor.java:136)
at org.openqa.selenium.remote.service.DriverCommandExecutor.execute(DriverCommandExecutor.java:83)
at org.openqa.selenium.remote.RemoteWebDriver.execute(RemoteWebDriver.java:552)
at org.openqa.selenium.remote.RemoteWebDriver.startSession(RemoteWebDriver.java:213)
at org.openqa.selenium.remote.RemoteWebDriver.<init>(RemoteWebDriver.java:131)
at org.openqa.selenium.chrome.ChromeDriver.<init>(ChromeDriver.java:181)
at org.openqa.selenium.chrome.ChromeDriver.<init>(ChromeDriver.java:168)
at org.openqa.selenium.chrome.ChromeDriver.<init>(ChromeDriver.java:123)
at Project_Base_class.Base_class.initializeChromeBrowser(Base_class.java:20)
at Kite_zerodha_test_1.Test2.openBrowser(Test2.java:30)
at java.base/java.util.ArrayList.forEach(ArrayList.java:1511)
... Removed 30 stack frames]]>
    </failure>
  </testcase> <!-- @BeforeClass openBrowser -->
  <testcase classname="Kite_zerodha_test_1.Test2" name="@BeforeMethod loginToApplication" time="-1.636260866344E9">
    <skipped/>
  </testcase> <!-- @BeforeMethod loginToApplication -->
  <testcase classname="Kite_zerodha_test_1.Test2" name="@AfterMethod logoutFromApplication" time="-1.636260866356E9">
    <skipped/>
  </testcase> <!-- @AfterMethod logoutFromApplication -->
  <testcase classname="Kite_zerodha_test_1.Test2" name="verifyProfileName" time="0.0">
    <skipped/>
  </testcase> <!-- verifyProfileName -->
</testsuite> <!-- Test -->
