<?xml version="1.0" encoding="UTF-8"?>
<!-- Generated by org.testng.reporters.JUnitXMLReporter -->
<testsuite ignored="0" hostname="Sagar-PC" failures="0" tests="1" name="Test" time="0.133" errors="0" timestamp="2021-10-18T10:16:13 PDT">
  <testcase classname="TestPackage.TestNGhomeflipcard" name="@BeforeTest beforeTest" time="-1.634577373207E9">
    <failure type="org.testng.TestNGException" message="
Parameter &amp;apos;browser&amp;apos; is required by BeforeTest on method beforeTest but has not been marked @Optional or defined
in C:\Users\Sagar\eclipse-workspace\addhar\testng.xml">
      <![CDATA[org.testng.TestNGException: 
Parameter 'browser' is required by BeforeTest on method beforeTest but has not been marked @Optional or defined
in C:\Users\Sagar\eclipse-workspace\addhar\testng.xml
... Removed 21 stack frames]]>
    </failure>
  </testcase> <!-- @BeforeTest beforeTest -->
  <testcase classname="TestPackage.TestNGhomeflipcard" name="@BeforeClass beforeclass" time="-1.634577373279E9">
    <skipped/>
  </testcase> <!-- @BeforeClass beforeclass -->
  <testcase classname="TestPackage.TestNGhomeflipcard" name="@AfterClass afteclass" time="-1.634577373326E9">
    <skipped/>
  </testcase> <!-- @AfterClass afteclass -->
  <testcase classname="TestPackage.TestNGhomeflipcard" name="testB" time="0.0">
    <skipped/>
  </testcase> <!-- testB -->
</testsuite> <!-- Test -->
